<?xml version="1.0" encoding="UTF-8"?>
<!-- Generated by org.testng.reporters.JUnitReportReporter -->
<testsuite hostname="DESKTOP-O4I9FMQ" failures="0" tests="6" name="testcases.ProductDataDriven" time="9.548" errors="0" timestamp="2025-06-03T14:19:51 IST" skipped="0">
  <testcase classname="testcases.ProductDataDriven" name="testAddNewProduct" time="1.618"/>
  <testcase classname="testcases.ProductDataDriven" name="testAddNewProduct" time="1.613"/>
  <testcase classname="testcases.ProductDataDriven" name="testAddNewProduct" time="1.563"/>
  <testcase classname="testcases.ProductDataDriven" name="testAddNewProduct" time="1.657"/>
  <testcase classname="testcases.ProductDataDriven" name="testAddNewProduct" time="1.527"/>
  <testcase classname="testcases.ProductDataDriven" name="testAddNewProduct" time="1.570"/>
</testsuite> <!-- testcases.ProductDataDriven -->
