<?xml version="1.0" encoding="UTF-8"?>
<!-- Generated by org.testng.reporters.JUnitReportReporter -->
<testsuite hostname="DESKTOP-O4I9FMQ" failures="0" tests="6" name="testcases.ProductDataDriven" time="9.704" errors="0" timestamp="2025-06-03T16:05:11 IST" skipped="0">
  <testcase classname="testcases.ProductDataDriven" name="testAddNewProduct" time="1.569"/>
  <testcase classname="testcases.ProductDataDriven" name="testAddNewProduct" time="1.606"/>
  <testcase classname="testcases.ProductDataDriven" name="testAddNewProduct" time="1.690"/>
  <testcase classname="testcases.ProductDataDriven" name="testAddNewProduct" time="1.622"/>
  <testcase classname="testcases.ProductDataDriven" name="testAddNewProduct" time="1.648"/>
  <testcase classname="testcases.ProductDataDriven" name="testAddNewProduct" time="1.569"/>
</testsuite> <!-- testcases.ProductDataDriven -->
