<?xml version="1.0" encoding="UTF-8"?>
<!-- Generated by org.testng.reporters.JUnitReportReporter -->
<testsuite hostname="DESKTOP-O4I9FMQ" failures="0" tests="10" name="testcases.ProductsTest" time="18.375" errors="0" timestamp="2025-06-03T16:05:11 IST" skipped="0">
  <testcase classname="testcases.ProductsTest" name="tetsGetAllProducts" time="4.122"/>
  <testcase classname="testcases.ProductsTest" name="tetsGetSingleProductByID" time="2.991"/>
  <testcase classname="testcases.ProductsTest" name="tetsGetProductByLimit" time="0.772"/>
  <testcase classname="testcases.ProductsTest" name="tetsGetProductBySortedDending" time="0.819"/>
  <testcase classname="testcases.ProductsTest" name="tetsGetProductBySortedAscending" time="4.930"/>
  <testcase classname="testcases.ProductsTest" name="tetsGettheAllCategories" time="0.733"/>
  <testcase classname="testcases.ProductsTest" name="tetsGettheAllByCategories" time="0.920"/>
  <testcase classname="testcases.ProductsTest" name="tetsAddnewProduct" time="1.487"/>
  <testcase classname="testcases.ProductsTest" name="tetsUpdateProduct" time="0.823"/>
  <testcase classname="testcases.ProductsTest" name="tetsDeleteProduct" time="0.778"/>
</testsuite> <!-- testcases.ProductsTest -->
