<?xml version="1.0" encoding="UTF-8"?>
<!-- Generated by org.testng.reporters.JUnitReportReporter -->
<testsuite hostname="DESKTOP-O4I9FMQ" failures="0" tests="6" name="testcases.ProductDataDrivern" time="18.383" errors="0" timestamp="2025-06-02T02:52:57 IST" skipped="0">
  <testcase classname="testcases.ProductDataDrivern" name="testAddNewProduct" time="7.518"/>
  <testcase classname="testcases.ProductDataDrivern" name="testAddNewProduct" time="2.097"/>
  <testcase classname="testcases.ProductDataDrivern" name="testAddNewProduct" time="2.139"/>
  <testcase classname="testcases.ProductDataDrivern" name="testAddNewProduct" time="2.319"/>
  <testcase classname="testcases.ProductDataDrivern" name="testAddNewProduct" time="2.199"/>
  <testcase classname="testcases.ProductDataDrivern" name="testAddNewProduct" time="2.111"/>
</testsuite> <!-- testcases.ProductDataDrivern -->
