<?xml version="1.0" encoding="UTF-8"?>
<!-- Generated by org.testng.reporters.JUnitReportReporter -->
<testsuite hostname="DESKTOP-O4I9FMQ" failures="0" tests="8" name="testcases.UserTests" time="6.835" errors="0" timestamp="2025-06-03T14:19:51 IST" skipped="0">
  <testcase classname="testcases.UserTests" name="testGetUsersSorted" time="0.890"/>
  <testcase classname="testcases.UserTests" name="testGetUsersSortedAsc" time="0.822"/>
  <testcase classname="testcases.UserTests" name="testCreateUser" time="1.037"/>
  <testcase classname="testcases.UserTests" name="testGetAllUsers" time="0.849"/>
  <testcase classname="testcases.UserTests" name="testGetUsersWithLimit" time="0.788"/>
  <testcase classname="testcases.UserTests" name="testUpdateUser" time="0.753"/>
  <testcase classname="testcases.UserTests" name="testDeleteUser" time="0.812"/>
  <testcase classname="testcases.UserTests" name="testGetUserById" time="0.884"/>
</testsuite> <!-- testcases.UserTests -->
