<?xml version="1.0" encoding="UTF-8"?>
<!-- Generated by org.testng.reporters.JUnitReportReporter -->
<testsuite hostname="DESKTOP-O4I9FMQ" failures="0" tests="2" name="testcases.LoginTests" time="2.280" errors="0" timestamp="2025-06-09T20:15:22 IST" skipped="0">
  <testcase classname="testcases.LoginTests" name="testvalidUserLogin" time="0.773"/>
  <testcase classname="testcases.LoginTests" name="testInvalidUserLogin" time="1.507"/>
</testsuite> <!-- testcases.LoginTests -->
