<?xml version="1.0" encoding="UTF-8"?>
<!-- Generated by org.testng.reporters.JUnitReportReporter -->
<testsuite hostname="DESKTOP-O4I9FMQ" failures="0" tests="8" name="testcases.UserTests" time="6.982" errors="0" timestamp="2025-06-03T16:05:11 IST" skipped="0">
  <testcase classname="testcases.UserTests" name="testDeleteUser" time="0.850"/>
  <testcase classname="testcases.UserTests" name="testGetUsersWithLimit" time="0.887"/>
  <testcase classname="testcases.UserTests" name="testUpdateUser" time="0.689"/>
  <testcase classname="testcases.UserTests" name="testGetAllUsers" time="0.874"/>
  <testcase classname="testcases.UserTests" name="testGetUsersSortedAsc" time="0.916"/>
  <testcase classname="testcases.UserTests" name="testGetUserById" time="0.842"/>
  <testcase classname="testcases.UserTests" name="testGetUsersSorted" time="0.837"/>
  <testcase classname="testcases.UserTests" name="testCreateUser" time="1.087"/>
</testsuite> <!-- testcases.UserTests -->
