<?xml version="1.0" encoding="UTF-8"?>
<!-- Generated by org.testng.reporters.JUnitReportReporter -->
<testsuite hostname="DESKTOP-O4I9FMQ" failures="0" tests="2" name="testcases.LoginTests" time="2.194" errors="0" timestamp="2025-06-03T16:05:11 IST" skipped="0">
  <testcase classname="testcases.LoginTests" name="testvalidUserLogin" time="0.829"/>
  <testcase classname="testcases.LoginTests" name="testInvalidUserLogin" time="1.365"/>
</testsuite> <!-- testcases.LoginTests -->
