<?xml version="1.0" encoding="UTF-8"?>
<!-- Generated by org.testng.reporters.JUnitReportReporter -->
<testsuite hostname="DESKTOP-O4I9FMQ" failures="0" tests="10" name="testcases.ProductsTest" time="11.978" errors="0" timestamp="2025-06-09T20:15:22 IST" skipped="0">
  <testcase classname="testcases.ProductsTest" name="tetsGetAllProducts" time="4.959"/>
  <testcase classname="testcases.ProductsTest" name="tetsGetSingleProductByID" time="0.676"/>
  <testcase classname="testcases.ProductsTest" name="tetsGetProductByLimit" time="0.684"/>
  <testcase classname="testcases.ProductsTest" name="tetsGetProductBySortedDending" time="0.740"/>
  <testcase classname="testcases.ProductsTest" name="tetsGetProductBySortedAscending" time="0.688"/>
  <testcase classname="testcases.ProductsTest" name="tetsGettheAllCategories" time="0.670"/>
  <testcase classname="testcases.ProductsTest" name="tetsGettheAllByCategories" time="0.817"/>
  <testcase classname="testcases.ProductsTest" name="tetsAddnewProduct" time="1.471"/>
  <testcase classname="testcases.ProductsTest" name="tetsUpdateProduct" time="0.645"/>
  <testcase classname="testcases.ProductsTest" name="tetsDeleteProduct" time="0.628"/>
</testsuite> <!-- testcases.ProductsTest -->
