<?xml version="1.0" encoding="UTF-8"?>
<!-- Generated by org.testng.reporters.JUnitReportReporter -->
<testsuite hostname="DESKTOP-O4I9FMQ" failures="0" tests="10" name="testcases.ProductsTest" time="12.557" errors="0" timestamp="2025-06-03T14:19:51 IST" skipped="0">
  <testcase classname="testcases.ProductsTest" name="tetsGetAllProducts" time="3.732"/>
  <testcase classname="testcases.ProductsTest" name="tetsGetSingleProductByID" time="0.853"/>
  <testcase classname="testcases.ProductsTest" name="tetsGetProductByLimit" time="0.844"/>
  <testcase classname="testcases.ProductsTest" name="tetsGetProductBySortedDending" time="0.874"/>
  <testcase classname="testcases.ProductsTest" name="tetsGetProductBySortedAscending" time="0.771"/>
  <testcase classname="testcases.ProductsTest" name="tetsGettheAllCategories" time="0.763"/>
  <testcase classname="testcases.ProductsTest" name="tetsGettheAllByCategories" time="0.951"/>
  <testcase classname="testcases.ProductsTest" name="tetsAddnewProduct" time="2.315"/>
  <testcase classname="testcases.ProductsTest" name="tetsUpdateProduct" time="0.725"/>
  <testcase classname="testcases.ProductsTest" name="tetsDeleteProduct" time="0.729"/>
</testsuite> <!-- testcases.ProductsTest -->
