<?xml version="1.0" encoding="UTF-8"?>
<!-- Generated by org.testng.reporters.JUnitReportReporter -->
<testsuite hostname="DESKTOP-O4I9FMQ" failures="0" tests="6" name="testcases.ProductDataDriven" time="8.003" errors="0" timestamp="2025-06-09T20:15:22 IST" skipped="0">
  <testcase classname="testcases.ProductDataDriven" name="testAddNewProduct" time="1.334"/>
  <testcase classname="testcases.ProductDataDriven" name="testAddNewProduct" time="1.347"/>
  <testcase classname="testcases.ProductDataDriven" name="testAddNewProduct" time="1.336"/>
  <testcase classname="testcases.ProductDataDriven" name="testAddNewProduct" time="1.263"/>
  <testcase classname="testcases.ProductDataDriven" name="testAddNewProduct" time="1.341"/>
  <testcase classname="testcases.ProductDataDriven" name="testAddNewProduct" time="1.382"/>
</testsuite> <!-- testcases.ProductDataDriven -->
