<?xml version="1.0" encoding="UTF-8"?>
<!-- Generated by org.testng.reporters.JUnitReportReporter -->
<testsuite hostname="DESKTOP-O4I9FMQ" failures="0" tests="3" name="testcases.SchemaTests" time="2.835" errors="0" timestamp="2025-06-03T16:05:11 IST" skipped="0">
  <testcase classname="testcases.SchemaTests" name="testUserSchema" time="0.898"/>
  <testcase classname="testcases.SchemaTests" name="testProductSchema" time="0.761"/>
  <testcase classname="testcases.SchemaTests" name="testCartSchema" time="1.176"/>
</testsuite> <!-- testcases.SchemaTests -->
