<?xml version="1.0" encoding="UTF-8"?>
<!-- Generated by org.testng.reporters.JUnitReportReporter -->
<testsuite hostname="DESKTOP-O4I9FMQ" failures="0" tests="8" name="testcases.UserTests" time="6.154" errors="0" timestamp="2025-06-09T20:15:22 IST" skipped="0">
  <testcase classname="testcases.UserTests" name="testGetUsersSorted" time="0.748"/>
  <testcase classname="testcases.UserTests" name="testGetUsersSortedAsc" time="0.745"/>
  <testcase classname="testcases.UserTests" name="testCreateUser" time="0.973"/>
  <testcase classname="testcases.UserTests" name="testGetAllUsers" time="0.819"/>
  <testcase classname="testcases.UserTests" name="testGetUsersWithLimit" time="0.769"/>
  <testcase classname="testcases.UserTests" name="testUpdateUser" time="0.623"/>
  <testcase classname="testcases.UserTests" name="testDeleteUser" time="0.744"/>
  <testcase classname="testcases.UserTests" name="testGetUserById" time="0.733"/>
</testsuite> <!-- testcases.UserTests -->
