<?xml version="1.0" encoding="UTF-8"?>
<!-- Generated by org.testng.reporters.JUnitReportReporter -->
<testsuite hostname="DESKTOP-O4I9FMQ" failures="0" tests="3" name="testcases.SchemaTests" time="2.510" errors="0" timestamp="2025-06-09T20:15:22 IST" skipped="0">
  <testcase classname="testcases.SchemaTests" name="testProductSchema" time="0.648"/>
  <testcase classname="testcases.SchemaTests" name="testCartSchema" time="1.124"/>
  <testcase classname="testcases.SchemaTests" name="testUserSchema" time="0.738"/>
</testsuite> <!-- testcases.SchemaTests -->
