<?xml version="1.0" encoding="UTF-8"?>
<!-- Generated by org.testng.reporters.JUnitReportReporter -->
<testsuite hostname="DESKTOP-O4I9FMQ" failures="0" tests="3" name="testcases.SchemaTests" time="2.725" errors="0" timestamp="2025-06-03T14:35:27 IST" skipped="0">
  <testcase classname="testcases.SchemaTests" name="testProductSchema" time="0.724"/>
  <testcase classname="testcases.SchemaTests" name="testCartSchema" time="1.230"/>
  <testcase classname="testcases.SchemaTests" name="testUserSchema" time="0.771"/>
</testsuite> <!-- testcases.SchemaTests -->
