<?xml version="1.0" encoding="UTF-8"?>
<!-- Generated by org.testng.reporters.JUnitReportReporter -->
<testsuite hostname="DESKTOP-O4I9FMQ" failures="0" tests="2" name="testcases.LoginTests" time="2.750" errors="0" timestamp="2025-06-03T14:35:27 IST" skipped="0">
  <testcase classname="testcases.LoginTests" name="testInvalidUserLogin" time="1.890"/>
  <testcase classname="testcases.LoginTests" name="testvalidUserLogin" time="0.860"/>
</testsuite> <!-- testcases.LoginTests -->
