<?xml version="1.0" encoding="UTF-8"?>
<!-- Generated by org.testng.reporters.JUnitReportReporter -->
<testsuite hostname="DESKTOP-O4I9FMQ" failures="0" tests="6" name="testcases.ProductDataDriven" time="9.489" errors="0" timestamp="2025-06-03T14:35:27 IST" skipped="0">
  <testcase classname="testcases.ProductDataDriven" name="testAddNewProduct" time="1.648"/>
  <testcase classname="testcases.ProductDataDriven" name="testAddNewProduct" time="1.606"/>
  <testcase classname="testcases.ProductDataDriven" name="testAddNewProduct" time="1.533"/>
  <testcase classname="testcases.ProductDataDriven" name="testAddNewProduct" time="1.567"/>
  <testcase classname="testcases.ProductDataDriven" name="testAddNewProduct" time="1.589"/>
  <testcase classname="testcases.ProductDataDriven" name="testAddNewProduct" time="1.546"/>
</testsuite> <!-- testcases.ProductDataDriven -->
