<?xml version="1.0" encoding="UTF-8"?>
<!-- Generated by org.testng.reporters.JUnitReportReporter -->
<testsuite hostname="DESKTOP-O4I9FMQ" failures="0" tests="10" name="testcases.ProductsTest" time="13.704" errors="0" timestamp="2025-06-03T14:35:27 IST" skipped="0">
  <testcase classname="testcases.ProductsTest" name="tetsGetAllProducts" time="4.798"/>
  <testcase classname="testcases.ProductsTest" name="tetsGetSingleProductByID" time="0.830"/>
  <testcase classname="testcases.ProductsTest" name="tetsGetProductByLimit" time="0.808"/>
  <testcase classname="testcases.ProductsTest" name="tetsGetProductBySortedDending" time="0.882"/>
  <testcase classname="testcases.ProductsTest" name="tetsGetProductBySortedAscending" time="0.806"/>
  <testcase classname="testcases.ProductsTest" name="tetsGettheAllCategories" time="0.863"/>
  <testcase classname="testcases.ProductsTest" name="tetsGettheAllByCategories" time="0.902"/>
  <testcase classname="testcases.ProductsTest" name="tetsAddnewProduct" time="1.359"/>
  <testcase classname="testcases.ProductsTest" name="tetsUpdateProduct" time="0.745"/>
  <testcase classname="testcases.ProductsTest" name="tetsDeleteProduct" time="1.711"/>
</testsuite> <!-- testcases.ProductsTest -->
