<?xml version="1.0" encoding="UTF-8"?>
<!-- Generated by org.testng.reporters.JUnitReportReporter -->
<testsuite hostname="DESKTOP-O4I9FMQ" failures="0" tests="8" name="testcases.UserTests" time="8.203" errors="0" timestamp="2025-06-03T14:35:27 IST" skipped="0">
  <testcase classname="testcases.UserTests" name="testDeleteUser" time="0.789"/>
  <testcase classname="testcases.UserTests" name="testGetAllUsers" time="0.942"/>
  <testcase classname="testcases.UserTests" name="testGetUsersSortedAsc" time="0.911"/>
  <testcase classname="testcases.UserTests" name="testGetUsersWithLimit" time="2.098"/>
  <testcase classname="testcases.UserTests" name="testGetUsersSorted" time="0.864"/>
  <testcase classname="testcases.UserTests" name="testUpdateUser" time="0.760"/>
  <testcase classname="testcases.UserTests" name="testCreateUser" time="1.002"/>
  <testcase classname="testcases.UserTests" name="testGetUserById" time="0.837"/>
</testsuite> <!-- testcases.UserTests -->
